[12-06-2026 10:55:19.186] [processo:mr.c      ] [PID: 41773] [TID:139759093483328] [funzione:mr_start      ] inizio esecuzione di mr_start
[12-06-2026 10:55:19.188] [processo:mr.c      ] [PID: 41773] [TID:139759093483328] [funzione:mr_start      ] pipe main_to_mapper creata
[12-06-2026 10:55:19.189] [processo:mr.c      ] [PID: 41773] [TID:139759093483328] [funzione:mr_start      ] pipe mapper_to_reducer creata
[12-06-2026 10:55:19.191] [processo:mr.c      ] [PID: 41773] [TID:139759093483328] [funzione:mr_start      ] pipe reducer_to_main creata
[12-06-2026 10:55:19.193] [processo:mr.c      ] [PID: 41774] [TID:139759093483328] [funzione:mr_start      ] processo mapper iniziato con fork
[12-06-2026 10:55:19.193] [processo:mr.c      ] [PID: 41775] [TID:139759093483328] [funzione:mr_start      ] processo reducer iniziato con fork
[12-06-2026 10:55:19.195] [processo:mapper.c  ] [PID: 41774] [TID:139759089350336] [funzione:reader_thread ] mapper reader thread iniziato
[12-06-2026 10:55:19.195] [processo:mapper.c  ] [PID: 41774] [TID:139759080957632] [funzione:worker_thread ] mapper worker thread iniziato
[12-06-2026 10:55:19.196] [processo:mapper.c  ] [PID: 41774] [TID:139759072564928] [funzione:worker_thread ] mapper worker thread iniziato
[12-06-2026 10:55:19.196] [processo:mapper.c  ] [PID: 41774] [TID:139759064172224] [funzione:worker_thread ] mapper worker thread iniziato
[12-06-2026 10:55:19.196] [processo:mapper.c  ] [PID: 41774] [TID:139759055779520] [funzione:worker_thread ] mapper worker thread iniziato
[12-06-2026 10:55:19.197] [processo:mr.c      ] [PID: 41773] [TID:139759093483328] [funzione:writer        ] file di input aperto
[12-06-2026 10:55:19.197] [processo:reducer.c ] [PID: 41775] [TID:139759089350336] [funzione:reader_thread ] reducer reader thread iniziato
[12-06-2026 10:55:19.197] [processo:reducer.c ] [PID: 41775] [TID:139759080957632] [funzione:worker_thread ] reducer worker thread creato
[12-06-2026 10:55:19.197] [processo:reducer.c ] [PID: 41775] [TID:139759072564928] [funzione:worker_thread ] reducer worker thread creato
[12-06-2026 10:55:19.197] [processo:reducer.c ] [PID: 41775] [TID:139759064172224] [funzione:worker_thread ] reducer worker thread creato
[12-06-2026 10:55:19.197] [processo:reducer.c ] [PID: 41775] [TID:139759055779520] [funzione:worker_thread ] reducer worker thread creato
[12-06-2026 10:55:19.208] [processo:mr.c      ] [PID: 41773] [TID:139759093483328] [funzione:writer        ] file di input chiuso, inviate linee: 3
[12-06-2026 10:55:19.217] [processo:mr.c      ] [PID: 41773] [TID:139759093483328] [funzione:writer        ] file di input aperto
[12-06-2026 10:55:19.219] [processo:mr.c      ] [PID: 41773] [TID:139759093483328] [funzione:writer        ] file di input chiuso, inviate linee: 0
[12-06-2026 10:55:19.221] [processo:mapper.c  ] [PID: 41774] [TID:139759089350336] [funzione:reader_thread ] mapper reader thread finito, ha letto: 3 linee
[12-06-2026 10:55:19.223] [processo:mapper.c  ] [PID: 41774] [TID:139759064172224] [funzione:worker_thread ] mapper worker thread finito, righe elaborate: 1
[12-06-2026 10:55:19.223] [processo:mapper.c  ] [PID: 41774] [TID:139759055779520] [funzione:worker_thread ] mapper worker thread finito, righe elaborate: 0
[12-06-2026 10:55:19.223] [processo:mapper.c  ] [PID: 41774] [TID:139759072564928] [funzione:worker_thread ] mapper worker thread finito, righe elaborate: 1
[12-06-2026 10:55:19.223] [processo:mapper.c  ] [PID: 41774] [TID:139759080957632] [funzione:worker_thread ] mapper worker thread finito, righe elaborate: 1
[12-06-2026 10:55:19.228] [processo:mr.c      ] [PID: 41774] [TID:139759093483328] [funzione:mr_start      ] processo mapper finito
[12-06-2026 10:55:19.230] [processo:reducer.c ] [PID: 41775] [TID:139759089350336] [funzione:reader_thread ] reducer reader thread finito, ha letto: 3 token totali, raggruppati in 1 token distinti
[12-06-2026 10:55:19.230] [processo:reducer.c ] [PID: 41775] [TID:139759072564928] [funzione:worker_thread ] reducer worker thread finito, ha elaborato: 0 gruppi
[12-06-2026 10:55:19.230] [processo:reducer.c ] [PID: 41775] [TID:139759080957632] [funzione:worker_thread ] reducer worker thread finito, ha elaborato: 0 gruppi
[12-06-2026 10:55:19.230] [processo:reducer.c ] [PID: 41775] [TID:139759055779520] [funzione:worker_thread ] reducer worker thread finito, ha elaborato: 1 gruppi
[12-06-2026 10:55:19.230] [processo:reducer.c ] [PID: 41775] [TID:139759064172224] [funzione:worker_thread ] reducer worker thread finito, ha elaborato: 0 gruppi
[12-06-2026 10:55:19.238] [processo:mr.c      ] [PID: 41775] [TID:139759093483328] [funzione:mr_start      ] processo reducer finito
[12-06-2026 10:55:19.240] [processo:mr.c      ] [PID: 41773] [TID:139759093483328] [funzione:sort_write    ] file di output aperto
[12-06-2026 10:55:19.243] [processo:mr.c      ] [PID: 41773] [TID:139759093483328] [funzione:sort_write    ] file di output chiuso
[12-06-2026 10:55:19.244] [processo:mr.c      ] [PID: 41773] [TID:139759093483328] [funzione:main_function ] elaborazione terminata, ha elaborato: 1 coppie
[12-06-2026 10:55:19.246] [processo:mr.c      ] [PID: 41773] [TID:139759093483328] [funzione:mr_start      ] fine esecuzione di mr_start
